已經開始建置於 2015/6/10 下午 05:39:30。
     1>節點 2 (Build 目標) 上的專案 "C:\Users\9200\Desktop\WORK\P2P\UDT\udt.sdk.4.11\udt4-appclient\win\appclient.vcxproj"。
     1>C:\Program Files (x86)\MSBuild\12.0\bin\Microsoft.Common.CurrentVersion.targets(1492,5): warning : The referenced project 'udt.vcxproj' does not exist.
     1>C:\Program Files (x86)\MSBuild\Microsoft.Cpp\v4.0\V120\Microsoft.CppBuild.targets(388,5): warning MSB8028: The intermediate directory (../app\) contains files shared from another project (appserver.vcxproj, recvfile.vcxproj, sendfile.vcxproj, test.vcxproj).  This can lead to incorrect clean and rebuild behavior.
     1>ClCompile:
         C:\Program Files (x86)\Microsoft Visual Studio 12.0\VC\bin\CL.exe /c /I../src /ZI /nologo /W4 /WX- /Od /Oy- /D WIN32 /D _DEBUG /D _CONSOLE /D _VC80_UPGRADE=0x0710 /Gm /EHsc /RTCc /RTC1 /MDd /GS /fp:precise /Zc:wchar_t /Zc:forScope /Fo"../app\\" /Fd"../app\vc120.pdb" /FR"../app\\" /Gd /TP /analyze- /errorReport:prompt ..\app\appclient.cpp
         appclient.cpp
     1>c:\users\9200\desktop\work\p2p\udt\udt.sdk.4.11\udt4-appclient\src\udt.h(248): warning C4251: 'CUDTException::m_strMsg' : class 'std::basic_string<char,std::char_traits<char>,std::allocator<char>>' 必須有 DLL 介面，才能被為 class 'CUDTException' 的用戶端使用
     1>c:\users\9200\desktop\work\p2p\udt\udt.sdk.4.11\udt4-appclient\src\udt.h(250): warning C4251: 'CUDTException::m_strAPI' : class 'std::basic_string<char,std::char_traits<char>,std::allocator<char>>' 必須有 DLL 介面，才能被為 class 'CUDTException' 的用戶端使用
     1>c:\users\9200\desktop\work\p2p\udt\udt.sdk.4.11\udt4-appclient\src\udt.h(251): warning C4251: 'CUDTException::m_strDebug' : class 'std::basic_string<char,std::char_traits<char>,std::allocator<char>>' 必須有 DLL 介面，才能被為 class 'CUDTException' 的用戶端使用
     1>c:\users\9200\desktop\work\p2p\udt\udt.sdk.4.11\udt4-appclient\app\appclient.cpp(281): warning C4244: '引數' : 將 'time_t' 轉換為 'unsigned int'，由於類型不同，可能導致資料遺失
     1>c:\users\9200\desktop\work\p2p\udt\udt.sdk.4.11\udt4-appclient\app\appclient.cpp(268): warning C4100: 'param' : 未參考的型式參數
     1>c:\users\9200\desktop\work\p2p\udt\udt.sdk.4.11\udt4-appclient\app\appclient.cpp(309): warning C4189: 'ssize' : 已初始化區域變數，但並未參考
     1>c:\users\9200\desktop\work\p2p\udt\udt.sdk.4.11\udt4-appclient\app\appclient.cpp(423): warning C4100: 'param' : 未參考的型式參數
     1>c:\users\9200\desktop\work\p2p\udt\udt.sdk.4.11\udt4-appclient\app\appclient.cpp(434): warning C4189: 'udtbuf' : 已初始化區域變數，但並未參考
     1>c:\users\9200\desktop\work\p2p\udt\udt.sdk.4.11\udt4-appclient\app\appclient.cpp(557): warning C4100: 'param' : 未參考的型式參數
     1>c:\users\9200\desktop\work\p2p\udt\udt.sdk.4.11\udt4-appclient\app\appclient.cpp(707): warning C4100: 'argv' : 未參考的型式參數
     1>c:\users\9200\desktop\work\p2p\udt\udt.sdk.4.11\udt4-appclient\app\appclient.cpp(707): warning C4100: 'argc' : 未參考的型式參數
     1>c:\users\9200\desktop\work\p2p\udt\udt.sdk.4.11\udt4-appclient\app\appclient.cpp(759): warning C4127: 條件運算式是常數
     1>c:\users\9200\desktop\work\p2p\udt\udt.sdk.4.11\udt4-appclient\app\appclient.cpp(804): warning C4127: 條件運算式是常數
     1>c:\users\9200\desktop\work\p2p\udt\udt.sdk.4.11\udt4-appclient\app\appclient.cpp(851): warning C4996: 'sprintf': This function or variable may be unsafe. Consider using sprintf_s instead. To disable deprecation, use _CRT_SECURE_NO_WARNINGS. See online help for details.
                 c:\program files (x86)\microsoft visual studio 12.0\vc\include\stdio.h(356) : 請參閱 'sprintf' 的宣告
     1>c:\users\9200\desktop\work\p2p\udt\udt.sdk.4.11\udt4-appclient\app\appclient.cpp(915): warning C4996: 'sprintf': This function or variable may be unsafe. Consider using sprintf_s instead. To disable deprecation, use _CRT_SECURE_NO_WARNINGS. See online help for details.
                 c:\program files (x86)\microsoft visual studio 12.0\vc\include\stdio.h(356) : 請參閱 'sprintf' 的宣告
     1>c:\users\9200\desktop\work\p2p\udt\udt.sdk.4.11\udt4-appclient\app\appclient.cpp(905): warning C4100: 'rendezvous' : 未參考的型式參數
     1>c:\users\9200\desktop\work\p2p\udt\udt.sdk.4.11\udt4-appclient\app\appclient.cpp(950): warning C4996: 'sprintf': This function or variable may be unsafe. Consider using sprintf_s instead. To disable deprecation, use _CRT_SECURE_NO_WARNINGS. See online help for details.
                 c:\program files (x86)\microsoft visual studio 12.0\vc\include\stdio.h(356) : 請參閱 'sprintf' 的宣告
     1>c:\users\9200\desktop\work\p2p\udt\udt.sdk.4.11\udt4-appclient\app\appclient.cpp(975): warning C4996: 'sprintf': This function or variable may be unsafe. Consider using sprintf_s instead. To disable deprecation, use _CRT_SECURE_NO_WARNINGS. See online help for details.
                 c:\program files (x86)\microsoft visual studio 12.0\vc\include\stdio.h(356) : 請參閱 'sprintf' 的宣告
       Link:
         C:\Program Files (x86)\Microsoft Visual Studio 12.0\VC\bin\link.exe /ERRORREPORT:PROMPT /OUT:"../app\appclient.exe" /INCREMENTAL /NOLOGO /LIBPATH:../src kernel32.lib user32.lib ws2_32.lib udt.lib /MANIFEST /MANIFESTUAC:"level='asInvoker' uiAccess='false'" /manifest:embed /DEBUG /PDB:"../app\appclient.pdb" /SUBSYSTEM:CONSOLE /TLBID:1 /DYNAMICBASE:NO /IMPLIB:"../app\appclient.lib" /MACHINE:X86 /SAFESEH ../app\appclient.obj
         appclient.vcxproj -> C:\Users\9200\Desktop\WORK\P2P\UDT\udt.sdk.4.11\udt4-appclient\win\../app\appclient.exe
       BscMake:
         C:\Program Files (x86)\Microsoft Visual Studio 12.0\VC\bin\bscmake.exe /nologo /o"../app\appclient.bsc" ../app\appclient.sbr
     1>專案 "C:\Users\9200\Desktop\WORK\P2P\UDT\udt.sdk.4.11\udt4-appclient\win\appclient.vcxproj" (Build 目標) 建置完成。

建置成功。

經過時間 00:00:03.77
