c:\users\9200\desktop\work\p2p\udt\udt.sdk.4.11\udt4-appclient\app\appclient.bsc
c:\users\9200\desktop\work\p2p\udt\udt.sdk.4.11\udt4-appclient\app\vc120.pdb
c:\users\9200\desktop\work\p2p\udt\udt.sdk.4.11\udt4-appclient\app\vc120.idb
c:\users\9200\desktop\work\p2p\udt\udt.sdk.4.11\udt4-appclient\app\appclient.sbr
c:\users\9200\desktop\work\p2p\udt\udt.sdk.4.11\udt4-appclient\app\appclient.obj
c:\users\9200\desktop\work\p2p\udt\udt.sdk.4.11\udt4-appclient\app\appclient.ilk
c:\users\9200\desktop\work\p2p\udt\udt.sdk.4.11\udt4-appclient\app\appclient.exe
c:\users\9200\desktop\work\p2p\udt\udt.sdk.4.11\udt4-appclient\app\appclient.pdb
c:\users\9200\desktop\work\p2p\udt\udt.sdk.4.11\udt4-appclient\app\../app\appclient.pdb
c:\users\9200\desktop\work\p2p\udt\udt.sdk.4.11\udt4-appclient\win\../app\appclient.exe
c:\users\9200\desktop\work\p2p\udt\udt.sdk.4.11\udt4-appclient\app\../app\appclient.bsc
c:\users\9200\desktop\work\p2p\udt\udt.sdk.4.11\udt4-appclient\app\../app\appclient.ilk
c:\users\9200\desktop\work\p2p\udt\udt.sdk.4.11\udt4-appclient\app\appclient.tlog\bscmake.command.1.tlog
c:\users\9200\desktop\work\p2p\udt\udt.sdk.4.11\udt4-appclient\app\appclient.tlog\bscmake.read.1.tlog
c:\users\9200\desktop\work\p2p\udt\udt.sdk.4.11\udt4-appclient\app\appclient.tlog\bscmake.write.1.tlog
c:\users\9200\desktop\work\p2p\udt\udt.sdk.4.11\udt4-appclient\app\appclient.tlog\cl.command.1.tlog
c:\users\9200\desktop\work\p2p\udt\udt.sdk.4.11\udt4-appclient\app\appclient.tlog\cl.read.1.tlog
c:\users\9200\desktop\work\p2p\udt\udt.sdk.4.11\udt4-appclient\app\appclient.tlog\cl.write.1.tlog
c:\users\9200\desktop\work\p2p\udt\udt.sdk.4.11\udt4-appclient\app\appclient.tlog\link.command.1.tlog
c:\users\9200\desktop\work\p2p\udt\udt.sdk.4.11\udt4-appclient\app\appclient.tlog\link.read.1.tlog
c:\users\9200\desktop\work\p2p\udt\udt.sdk.4.11\udt4-appclient\app\appclient.tlog\link.write.1.tlog
